2026-06-17 17:23:16 [main] INFO  c.p.p.PedidoServiceApplication - Starting PedidoServiceApplication using Java 25.0.1 with PID 3212 (C:\Users\adria\Downloads\AVANCE-ADRIAN\Pizzeria\pedido-service\target\classes started by adria in C:\Users\adria\Downloads\AVANCE-ADRIAN\Pizzeria\pedido-service)
2026-06-17 17:23:16 [main] DEBUG c.p.p.PedidoServiceApplication - Running with Spring Boot v4.0.6, Spring v7.0.7
2026-06-17 17:23:16 [main] INFO  c.p.p.PedidoServiceApplication - No active profile set, falling back to 1 default profile: "default"
2026-06-17 17:23:17 [main] INFO  o.s.d.r.c.RepositoryConfigurationDelegate - Bootstrapping Spring Data JPA repositories in DEFAULT mode.
2026-06-17 17:23:18 [main] INFO  o.s.d.r.c.RepositoryConfigurationDelegate - Finished Spring Data repository scanning in 152 ms. Found 1 JPA repository interface.
2026-06-17 17:23:18 [main] INFO  o.s.boot.tomcat.TomcatWebServer - Tomcat initialized with port 9095 (http)
2026-06-17 17:23:18 [main] INFO  o.a.catalina.core.StandardService - Starting service [Tomcat]
2026-06-17 17:23:18 [main] INFO  o.a.catalina.core.StandardEngine - Starting Servlet engine: [Apache Tomcat/11.0.21]
2026-06-17 17:23:18 [main] INFO  o.s.b.w.c.s.WebApplicationContextInitializer - Root WebApplicationContext: initialization completed in 1865 ms
2026-06-17 17:23:19 [main] INFO  org.hibernate.orm.jpa - HHH008540: Processing PersistenceUnitInfo [name: default]
2026-06-17 17:23:19 [main] INFO  org.hibernate.orm.core - HHH000001: Hibernate ORM core version 7.2.12.Final
2026-06-17 17:23:19 [main] INFO  o.s.o.j.p.SpringPersistenceUnitInfo - No LoadTimeWeaver setup: ignoring JPA class transformer
2026-06-17 17:23:19 [main] INFO  com.zaxxer.hikari.HikariDataSource - HikariPool-1 - Starting...
2026-06-17 17:23:19 [main] INFO  com.zaxxer.hikari.pool.HikariPool - HikariPool-1 - Added connection com.mysql.cj.jdbc.ConnectionImpl@40dee07b
2026-06-17 17:23:19 [main] INFO  com.zaxxer.hikari.HikariDataSource - HikariPool-1 - Start completed.
2026-06-17 17:23:19 [main] WARN  org.hibernate.orm.core - HHH000511: The 5.5.5 version for [org.hibernate.dialect.MySQLDialect] is no longer supported, hence certain features may not work properly.The minimum supported version is 8.0.0. Check the community dialects project for available legacy versions.
2026-06-17 17:23:20 [main] INFO  o.hibernate.orm.connections.pooling - HHH10001005: Database info:
	Database JDBC URL [jdbc:mysql://localhost:3306/bd_pedido?createDatabaseIfNotExist=true]
	Database driver: MySQL Connector/J
	Database dialect: MySQLDialect
	Database version: 5.5.5
	Default catalog/schema: bd_pedido/undefined
	Autocommit mode: undefined/unknown
	Isolation level: REPEATABLE_READ [default REPEATABLE_READ]
	JDBC fetch size: none
	Pool: DataSourceConnectionProvider
	Minimum pool size: undefined/unknown
	Maximum pool size: undefined/unknown
2026-06-17 17:23:20 [main] INFO  org.hibernate.orm.core - HHH000489: No JTA platform available (set 'hibernate.transaction.jta.platform' to enable JTA platform integration)
2026-06-17 17:23:20 [main] INFO  o.s.o.j.LocalContainerEntityManagerFactoryBean - Initialized JPA EntityManagerFactory for persistence unit 'default'
2026-06-17 17:23:21 [main] INFO  o.s.d.j.r.q.QueryEnhancerFactories - Hibernate is in classpath; If applicable, HQL parser will be used.
2026-06-17 17:23:24 [main] INFO  liquibase.changelog - Creating database changelog table with name: bd_pedido.databasechangelog
2026-06-17 17:23:25 [main] INFO  liquibase.changelog - Reading from bd_pedido.databasechangelog
2026-06-17 17:23:25 [main] INFO  liquibase.snapshot - Creating snapshot
2026-06-17 17:23:25 [main] INFO  liquibase.ui - Name 'PK_DATABASECHANGELOGLOCK' ignored for PRIMARY key.
2026-06-17 17:23:25 [main] INFO  liquibase.lockservice - Successfully acquired change log lock
2026-06-17 17:23:25 [main] INFO  liquibase.command - Using deploymentId: 1731402433
2026-06-17 17:23:25 [main] INFO  liquibase.changelog - Reading from bd_pedido.databasechangelog
2026-06-17 17:23:25 [main] INFO  liquibase.ui - Running Changeset: db/changelog/db.changelog.sql::001::pizzeria
2026-06-17 17:23:25 [main] INFO  liquibase.ui - Name 'pk_pedido' ignored for PRIMARY key.
2026-06-17 17:23:25 [main] INFO  liquibase.changelog - Custom SQL executed
2026-06-17 17:23:25 [main] INFO  liquibase.changelog - ChangeSet db/changelog/db.changelog.sql::001::pizzeria ran successfully in 36ms
2026-06-17 17:23:25 [main] INFO  liquibase.ui - Running Changeset: db/changelog/db.changelog.sql::002::pizzeria
2026-06-17 17:23:25 [main] INFO  liquibase.changelog - Custom SQL executed
2026-06-17 17:23:25 [main] INFO  liquibase.changelog - ChangeSet db/changelog/db.changelog.sql::002::pizzeria ran successfully in 12ms
2026-06-17 17:23:25 [main] INFO  liquibase.util - UPDATE SUMMARY
2026-06-17 17:23:25 [main] INFO  liquibase.util - Run:                          2
2026-06-17 17:23:25 [main] INFO  liquibase.util - Previously run:               0
2026-06-17 17:23:25 [main] INFO  liquibase.util - Filtered out:                 0
2026-06-17 17:23:25 [main] INFO  liquibase.util - -------------------------------
2026-06-17 17:23:25 [main] INFO  liquibase.util - Total change sets:            2
2026-06-17 17:23:25 [main] INFO  liquibase.util - Update summary generated
2026-06-17 17:23:25 [main] INFO  liquibase.command - Update command completed successfully.
2026-06-17 17:23:25 [main] INFO  liquibase.ui - Liquibase: Update has been successful. Rows affected: 10
2026-06-17 17:23:25 [main] INFO  liquibase.lockservice - Successfully released change log lock
2026-06-17 17:23:25 [main] INFO  liquibase.command - Command execution complete
2026-06-17 17:23:25 [main] WARN  o.s.b.j.a.JpaBaseConfiguration$JpaWebConfiguration - spring.jpa.open-in-view is enabled by default. Therefore, database queries may be performed during view rendering. Explicitly configure spring.jpa.open-in-view to disable this warning
2026-06-17 17:23:26 [main] INFO  o.s.boot.tomcat.TomcatWebServer - Tomcat started on port 9095 (http) with context path '/'
2026-06-17 17:23:26 [main] INFO  c.p.p.PedidoServiceApplication - Started PedidoServiceApplication in 10.022 seconds (process running for 10.59)
2026-06-17 17:53:58 [HikariPool-1:housekeeper] WARN  com.zaxxer.hikari.pool.PoolBase - HikariPool-1 - Failed to validate connection com.mysql.cj.jdbc.ConnectionImpl@e948af4 (No operations allowed after connection closed.). Possibly consider using a shorter maxLifetime value.
2026-06-17 17:54:05 [HikariPool-1:housekeeper] WARN  com.zaxxer.hikari.pool.PoolBase - HikariPool-1 - Failed to validate connection com.mysql.cj.jdbc.ConnectionImpl@51197be1 (No operations allowed after connection closed.). Possibly consider using a shorter maxLifetime value.
2026-06-17 17:54:08 [HikariPool-1:housekeeper] WARN  com.zaxxer.hikari.pool.PoolBase - HikariPool-1 - Failed to validate connection com.mysql.cj.jdbc.ConnectionImpl@7058a995 (No operations allowed after connection closed.). Possibly consider using a shorter maxLifetime value.
2026-06-17 17:54:17 [HikariPool-1:housekeeper] WARN  com.zaxxer.hikari.pool.PoolBase - HikariPool-1 - Failed to validate connection com.mysql.cj.jdbc.ConnectionImpl@4f49166c (No operations allowed after connection closed.). Possibly consider using a shorter maxLifetime value.
2026-06-17 17:54:19 [HikariPool-1:housekeeper] WARN  com.zaxxer.hikari.pool.PoolBase - HikariPool-1 - Failed to validate connection com.mysql.cj.jdbc.ConnectionImpl@5acfa9b (No operations allowed after connection closed.). Possibly consider using a shorter maxLifetime value.
2026-06-17 17:54:24 [SpringApplicationShutdownHook] INFO  o.s.boot.tomcat.GracefulShutdown - Commencing graceful shutdown. Waiting for active requests to complete
2026-06-17 17:54:24 [tomcat-shutdown] INFO  o.s.boot.tomcat.GracefulShutdown - Graceful shutdown complete
2026-06-17 17:54:24 [SpringApplicationShutdownHook] INFO  o.s.o.j.LocalContainerEntityManagerFactoryBean - Closing JPA EntityManagerFactory for persistence unit 'default'
2026-06-17 17:54:24 [SpringApplicationShutdownHook] INFO  com.zaxxer.hikari.HikariDataSource - HikariPool-1 - Shutdown initiated...
2026-06-17 17:54:28 [SpringApplicationShutdownHook] INFO  com.zaxxer.hikari.HikariDataSource - HikariPool-1 - Shutdown completed.
2026-06-24 23:53:14 [main] INFO  c.p.p.PedidoServiceApplication - Starting PedidoServiceApplication using Java 26.0.1 with PID 30784 (D:\Programacion\Proyectos\NetBeans-Java\DevpFullstack1\Proyecto Semestral\Pizzeria\pedido-service\target\classes started by Mascotron in D:\Programacion\Proyectos\NetBeans-Java\DevpFullstack1\Proyecto Semestral\Pizzeria\pedido-service)
2026-06-24 23:53:14 [main] DEBUG c.p.p.PedidoServiceApplication - Running with Spring Boot v4.0.6, Spring v7.0.7
2026-06-24 23:53:14 [main] INFO  c.p.p.PedidoServiceApplication - No active profile set, falling back to 1 default profile: "default"
2026-06-24 23:53:15 [main] INFO  o.s.d.r.c.RepositoryConfigurationDelegate - Bootstrapping Spring Data JPA repositories in DEFAULT mode.
2026-06-24 23:53:15 [main] INFO  o.s.d.r.c.RepositoryConfigurationDelegate - Finished Spring Data repository scanning in 107 ms. Found 1 JPA repository interface.
2026-06-24 23:53:15 [main] INFO  o.s.boot.tomcat.TomcatWebServer - Tomcat initialized with port 9095 (http)
2026-06-24 23:53:15 [main] INFO  o.a.catalina.core.StandardService - Starting service [Tomcat]
2026-06-24 23:53:15 [main] INFO  o.a.catalina.core.StandardEngine - Starting Servlet engine: [Apache Tomcat/11.0.21]
2026-06-24 23:53:15 [main] INFO  o.s.b.w.c.s.WebApplicationContextInitializer - Root WebApplicationContext: initialization completed in 1348 ms
2026-06-24 23:53:15 [main] INFO  org.hibernate.orm.jpa - HHH008540: Processing PersistenceUnitInfo [name: default]
2026-06-24 23:53:15 [main] INFO  org.hibernate.orm.core - HHH000001: Hibernate ORM core version 7.2.12.Final
2026-06-24 23:53:16 [main] INFO  o.s.o.j.p.SpringPersistenceUnitInfo - No LoadTimeWeaver setup: ignoring JPA class transformer
2026-06-24 23:53:16 [main] INFO  com.zaxxer.hikari.HikariDataSource - HikariPool-1 - Starting...
2026-06-24 23:53:16 [main] INFO  com.zaxxer.hikari.pool.HikariPool - HikariPool-1 - Added connection com.mysql.cj.jdbc.ConnectionImpl@70700b8a
2026-06-24 23:53:16 [main] INFO  com.zaxxer.hikari.HikariDataSource - HikariPool-1 - Start completed.
2026-06-24 23:53:16 [main] WARN  org.hibernate.orm.core - HHH000511: The 5.5.5 version for [org.hibernate.dialect.MySQLDialect] is no longer supported, hence certain features may not work properly.The minimum supported version is 8.0.0. Check the community dialects project for available legacy versions.
2026-06-24 23:53:16 [main] INFO  o.hibernate.orm.connections.pooling - HHH10001005: Database info:
	Database JDBC URL [jdbc:mysql://localhost:3306/bd_pedido?createDatabaseIfNotExist=true]
	Database driver: MySQL Connector/J
	Database dialect: MySQLDialect
	Database version: 5.5.5
	Default catalog/schema: bd_pedido/undefined
	Autocommit mode: undefined/unknown
	Isolation level: REPEATABLE_READ [default REPEATABLE_READ]
	JDBC fetch size: none
	Pool: DataSourceConnectionProvider
	Minimum pool size: undefined/unknown
	Maximum pool size: undefined/unknown
2026-06-24 23:53:17 [main] INFO  org.hibernate.orm.core - HHH000489: No JTA platform available (set 'hibernate.transaction.jta.platform' to enable JTA platform integration)
2026-06-24 23:53:17 [main] INFO  o.s.o.j.LocalContainerEntityManagerFactoryBean - Initialized JPA EntityManagerFactory for persistence unit 'default'
2026-06-24 23:53:17 [main] INFO  o.s.d.j.r.q.QueryEnhancerFactories - Hibernate is in classpath; If applicable, HQL parser will be used.
2026-06-24 23:53:20 [main] INFO  liquibase.changelog - Reading from bd_pedido.databasechangelog
2026-06-24 23:53:20 [main] INFO  liquibase.ui - Database is up to date, no changesets to execute
2026-06-24 23:53:20 [main] INFO  liquibase.changelog - Reading from bd_pedido.databasechangelog
2026-06-24 23:53:20 [main] INFO  liquibase.util - UPDATE SUMMARY
2026-06-24 23:53:20 [main] INFO  liquibase.util - Run:                          0
2026-06-24 23:53:20 [main] INFO  liquibase.util - Previously run:               2
2026-06-24 23:53:20 [main] INFO  liquibase.util - Filtered out:                 0
2026-06-24 23:53:20 [main] INFO  liquibase.util - -------------------------------
2026-06-24 23:53:20 [main] INFO  liquibase.util - Total change sets:            2
2026-06-24 23:53:20 [main] INFO  liquibase.util - Update summary generated
2026-06-24 23:53:20 [main] INFO  liquibase.command - Command execution complete
2026-06-24 23:53:20 [main] WARN  o.s.b.j.a.JpaBaseConfiguration$JpaWebConfiguration - spring.jpa.open-in-view is enabled by default. Therefore, database queries may be performed during view rendering. Explicitly configure spring.jpa.open-in-view to disable this warning
2026-06-24 23:53:20 [main] INFO  o.s.boot.tomcat.TomcatWebServer - Tomcat started on port 9095 (http) with context path '/'
2026-06-24 23:53:20 [main] INFO  c.p.p.PedidoServiceApplication - Started PedidoServiceApplication in 6.901 seconds (process running for 7.328)
2026-06-24 23:53:21 [main] WARN  o.s.c.events.SpringDocAppInitializer - SpringDoc /v3/api-docs endpoint is enabled by default. To disable it in production, set the property 'springdoc.api-docs.enabled=false'
2026-06-24 23:53:21 [main] WARN  o.s.c.events.SpringDocAppInitializer - SpringDoc /swagger-ui.html endpoint is enabled by default. To disable it in production, set the property 'springdoc.swagger-ui.enabled=false'
