2026-05-25 13:47:45 [main] INFO  c.p.p.PagoServiceApplication - Starting PagoServiceApplication using Java 24.0.2 with PID 17104 (C:\Users\AV-Alumno\Downloads\Pizzeria\Pizzeria\pago-service\target\classes started by AV-Alumno in C:\Users\AV-Alumno\Downloads\Pizzeria\Pizzeria\pago-service)
2026-05-25 13:47:45 [main] DEBUG c.p.p.PagoServiceApplication - Running with Spring Boot v4.0.6, Spring v7.0.7
2026-05-25 13:47:45 [main] INFO  c.p.p.PagoServiceApplication - No active profile set, falling back to 1 default profile: "default"
2026-05-25 13:47:48 [main] INFO  o.s.d.r.c.RepositoryConfigurationDelegate - Bootstrapping Spring Data JPA repositories in DEFAULT mode.
2026-05-25 13:47:49 [main] INFO  o.s.d.r.c.RepositoryConfigurationDelegate - Finished Spring Data repository scanning in 1411 ms. Found 1 JPA repository interface.
2026-05-25 13:47:50 [main] INFO  o.s.boot.tomcat.TomcatWebServer - Tomcat initialized with port 9098 (http)
2026-05-25 13:47:50 [main] INFO  o.a.catalina.core.StandardService - Starting service [Tomcat]
2026-05-25 13:47:50 [main] INFO  o.a.catalina.core.StandardEngine - Starting Servlet engine: [Apache Tomcat/11.0.21]
2026-05-25 13:47:50 [main] INFO  o.s.b.w.c.s.WebApplicationContextInitializer - Root WebApplicationContext: initialization completed in 5196 ms
2026-05-25 13:47:50 [main] INFO  org.hibernate.orm.jpa - HHH008540: Processing PersistenceUnitInfo [name: default]
2026-05-25 13:47:50 [main] INFO  org.hibernate.orm.core - HHH000001: Hibernate ORM core version 7.2.12.Final
2026-05-25 13:47:51 [main] INFO  o.s.o.j.p.SpringPersistenceUnitInfo - No LoadTimeWeaver setup: ignoring JPA class transformer
2026-05-25 13:47:51 [main] INFO  com.zaxxer.hikari.HikariDataSource - HikariPool-1 - Starting...
2026-05-25 13:47:51 [main] INFO  com.zaxxer.hikari.pool.HikariPool - HikariPool-1 - Added connection com.mysql.cj.jdbc.ConnectionImpl@56b66a26
2026-05-25 13:47:51 [main] INFO  com.zaxxer.hikari.HikariDataSource - HikariPool-1 - Start completed.
2026-05-25 13:47:51 [main] WARN  org.hibernate.orm.core - HHH000511: The 5.5.5 version for [org.hibernate.dialect.MySQLDialect] is no longer supported, hence certain features may not work properly.The minimum supported version is 8.0.0. Check the community dialects project for available legacy versions.
2026-05-25 13:47:51 [main] INFO  o.hibernate.orm.connections.pooling - HHH10001005: Database info:
	Database JDBC URL [jdbc:mysql://localhost:3306/bd_direccion?createDatabaseIfNotExist=true]
	Database driver: MySQL Connector/J
	Database dialect: MySQLDialect
	Database version: 5.5.5
	Default catalog/schema: bd_direccion/undefined
	Autocommit mode: undefined/unknown
	Isolation level: REPEATABLE_READ [default REPEATABLE_READ]
	JDBC fetch size: none
	Pool: DataSourceConnectionProvider
	Minimum pool size: undefined/unknown
	Maximum pool size: undefined/unknown
2026-05-25 13:47:52 [main] INFO  org.hibernate.orm.core - HHH000489: No JTA platform available (set 'hibernate.transaction.jta.platform' to enable JTA platform integration)
2026-05-25 13:47:52 [main] INFO  o.s.o.j.LocalContainerEntityManagerFactoryBean - Initialized JPA EntityManagerFactory for persistence unit 'default'
2026-05-25 13:47:53 [main] INFO  o.s.d.j.r.q.QueryEnhancerFactories - Hibernate is in classpath; If applicable, HQL parser will be used.
2026-05-25 13:47:56 [main] INFO  liquibase.changelog - Reading from bd_direccion.databasechangelog
2026-05-25 13:47:56 [main] INFO  liquibase.changelog - Change failed validation!
2026-05-25 13:47:56 [main] INFO  liquibase.command - Logging exception.
2026-05-25 13:47:56 [main] INFO  liquibase.ui - ERROR: Exception Details
2026-05-25 13:47:56 [main] INFO  liquibase.ui - ERROR: Exception Primary Class:  ValidationFailedException
2026-05-25 13:47:56 [main] INFO  liquibase.ui - ERROR: Exception Primary Reason:  Validation Failed:
     2 changesets check sum
          db/changelog/db.changelog.sql::001::pizzeria was: 9:6c90456c7decd9e2174aba257cadb13b but is now: 9:695fc67f6a1421652e7cd1015a5efcd7
          db/changelog/db.changelog.sql::002::pizzeria was: 9:99e9fe8507067d070924495b66f81390 but is now: 9:8e2bb398833d84ab688383326a94e819

2026-05-25 13:47:56 [main] INFO  liquibase.ui - ERROR: Exception Primary Source:  5.0.2
2026-05-25 13:47:56 [main] INFO  liquibase.command - Command execution complete
2026-05-25 13:47:56 [main] WARN  o.s.b.w.s.s.c.AnnotationConfigServletWebServerApplicationContext - Exception encountered during context initialization - cancelling refresh attempt: org.springframework.beans.factory.BeanCreationException: Error creating bean with name 'liquibase' defined in class path resource [com/pizzeria/pago_service/config/LiquibaseConfig.class]: liquibase.exception.CommandExecutionException: liquibase.exception.ValidationFailedException: Validation Failed:
     2 changesets check sum
          db/changelog/db.changelog.sql::001::pizzeria was: 9:6c90456c7decd9e2174aba257cadb13b but is now: 9:695fc67f6a1421652e7cd1015a5efcd7
          db/changelog/db.changelog.sql::002::pizzeria was: 9:99e9fe8507067d070924495b66f81390 but is now: 9:8e2bb398833d84ab688383326a94e819

2026-05-25 13:47:56 [main] INFO  o.s.o.j.LocalContainerEntityManagerFactoryBean - Closing JPA EntityManagerFactory for persistence unit 'default'
2026-05-25 13:47:56 [main] INFO  com.zaxxer.hikari.HikariDataSource - HikariPool-1 - Shutdown initiated...
2026-05-25 13:47:56 [main] INFO  com.zaxxer.hikari.HikariDataSource - HikariPool-1 - Shutdown completed.
2026-05-25 13:47:56 [main] INFO  o.a.catalina.core.StandardService - Stopping service [Tomcat]
2026-05-25 13:47:56 [main] INFO  o.s.b.a.l.ConditionEvaluationReportLogger - 

Error starting ApplicationContext. To display the condition evaluation report re-run your application with 'debug' enabled.
2026-05-25 13:47:56 [main] ERROR o.s.boot.SpringApplication - Application run failed
org.springframework.beans.factory.BeanCreationException: Error creating bean with name 'liquibase' defined in class path resource [com/pizzeria/pago_service/config/LiquibaseConfig.class]: liquibase.exception.CommandExecutionException: liquibase.exception.ValidationFailedException: Validation Failed:
     2 changesets check sum
          db/changelog/db.changelog.sql::001::pizzeria was: 9:6c90456c7decd9e2174aba257cadb13b but is now: 9:695fc67f6a1421652e7cd1015a5efcd7
          db/changelog/db.changelog.sql::002::pizzeria was: 9:99e9fe8507067d070924495b66f81390 but is now: 9:8e2bb398833d84ab688383326a94e819

	at org.springframework.beans.factory.support.AbstractAutowireCapableBeanFactory.initializeBean(AbstractAutowireCapableBeanFactory.java:1817)
	at org.springframework.beans.factory.support.AbstractAutowireCapableBeanFactory.doCreateBean(AbstractAutowireCapableBeanFactory.java:603)
	at org.springframework.beans.factory.support.AbstractAutowireCapableBeanFactory.createBean(AbstractAutowireCapableBeanFactory.java:525)
	at org.springframework.beans.factory.support.AbstractBeanFactory.lambda$doGetBean$0(AbstractBeanFactory.java:333)
	at org.springframework.beans.factory.support.DefaultSingletonBeanRegistry.getSingleton(DefaultSingletonBeanRegistry.java:371)
	at org.springframework.beans.factory.support.AbstractBeanFactory.doGetBean(AbstractBeanFactory.java:331)
	at org.springframework.beans.factory.support.AbstractBeanFactory.getBean(AbstractBeanFactory.java:196)
	at org.springframework.beans.factory.support.DefaultListableBeanFactory.instantiateSingleton(DefaultListableBeanFactory.java:1218)
	at org.springframework.beans.factory.support.DefaultListableBeanFactory.preInstantiateSingleton(DefaultListableBeanFactory.java:1184)
	at org.springframework.beans.factory.support.DefaultListableBeanFactory.preInstantiateSingletons(DefaultListableBeanFactory.java:1121)
	at org.springframework.context.support.AbstractApplicationContext.finishBeanFactoryInitialization(AbstractApplicationContext.java:994)
	at org.springframework.context.support.AbstractApplicationContext.refresh(AbstractApplicationContext.java:621)
	at org.springframework.boot.web.server.servlet.context.ServletWebServerApplicationContext.refresh(ServletWebServerApplicationContext.java:143)
	at org.springframework.boot.SpringApplication.refresh(SpringApplication.java:756)
	at org.springframework.boot.SpringApplication.refreshContext(SpringApplication.java:445)
	at org.springframework.boot.SpringApplication.run(SpringApplication.java:321)
	at org.springframework.boot.SpringApplication.run(SpringApplication.java:1365)
	at org.springframework.boot.SpringApplication.run(SpringApplication.java:1354)
	at com.pizzeria.pago_service.PagoServiceApplication.main(PagoServiceApplication.java:10)
Caused by: liquibase.exception.LiquibaseException: liquibase.exception.CommandExecutionException: liquibase.exception.ValidationFailedException: Validation Failed:
     2 changesets check sum
          db/changelog/db.changelog.sql::001::pizzeria was: 9:6c90456c7decd9e2174aba257cadb13b but is now: 9:695fc67f6a1421652e7cd1015a5efcd7
          db/changelog/db.changelog.sql::002::pizzeria was: 9:99e9fe8507067d070924495b66f81390 but is now: 9:8e2bb398833d84ab688383326a94e819

	at liquibase.integration.spring.SpringLiquibase.afterPropertiesSet(SpringLiquibase.java:289)
	at org.springframework.beans.factory.support.AbstractAutowireCapableBeanFactory.invokeInitMethods(AbstractAutowireCapableBeanFactory.java:1864)
	at org.springframework.beans.factory.support.AbstractAutowireCapableBeanFactory.initializeBean(AbstractAutowireCapableBeanFactory.java:1813)
	... 18 common frames omitted
Caused by: liquibase.exception.CommandExecutionException: liquibase.exception.ValidationFailedException: Validation Failed:
     2 changesets check sum
          db/changelog/db.changelog.sql::001::pizzeria was: 9:6c90456c7decd9e2174aba257cadb13b but is now: 9:695fc67f6a1421652e7cd1015a5efcd7
          db/changelog/db.changelog.sql::002::pizzeria was: 9:99e9fe8507067d070924495b66f81390 but is now: 9:8e2bb398833d84ab688383326a94e819

	at liquibase.command.CommandScope.lambda$execute$5(CommandScope.java:325)
	at liquibase.Scope.child(Scope.java:250)
	at liquibase.Scope.child(Scope.java:226)
	at liquibase.command.CommandScope.execute(CommandScope.java:257)
	at liquibase.Liquibase.lambda$update$0(Liquibase.java:216)
	at liquibase.Scope.lambda$child$0(Scope.java:241)
	at liquibase.Scope.child(Scope.java:250)
	at liquibase.Scope.child(Scope.java:240)
	at liquibase.Scope.child(Scope.java:219)
	at liquibase.Liquibase.runInScope(Liquibase.java:1366)
	at liquibase.Liquibase.update(Liquibase.java:205)
	at liquibase.Liquibase.update(Liquibase.java:188)
	at liquibase.integration.spring.SpringLiquibase.performUpdate(SpringLiquibase.java:327)
	at liquibase.integration.spring.SpringLiquibase.lambda$afterPropertiesSet$0(SpringLiquibase.java:279)
	at liquibase.Scope.lambda$child$0(Scope.java:241)
	at liquibase.Scope.child(Scope.java:250)
	at liquibase.Scope.child(Scope.java:240)
	at liquibase.Scope.child(Scope.java:219)
	at liquibase.integration.spring.SpringLiquibase.afterPropertiesSet(SpringLiquibase.java:272)
	... 20 common frames omitted
Caused by: liquibase.exception.ValidationFailedException: Validation Failed:
     2 changesets check sum
          db/changelog/db.changelog.sql::001::pizzeria was: 9:6c90456c7decd9e2174aba257cadb13b but is now: 9:695fc67f6a1421652e7cd1015a5efcd7
          db/changelog/db.changelog.sql::002::pizzeria was: 9:99e9fe8507067d070924495b66f81390 but is now: 9:8e2bb398833d84ab688383326a94e819

	at liquibase.changelog.DatabaseChangeLog.validate(DatabaseChangeLog.java:392)
	at liquibase.command.core.helpers.DatabaseChangelogCommandStep.run(DatabaseChangelogCommandStep.java:89)
	at liquibase.command.CommandScope.lambda$execute$5(CommandScope.java:269)
	... 38 common frames omitted
2026-05-25 13:58:27 [main] INFO  c.p.p.PagoServiceApplication - Starting PagoServiceApplication using Java 24.0.2 with PID 20104 (C:\Users\AV-Alumno\Downloads\Pizzeria\Pizzeria\pago-service\target\classes started by AV-Alumno in C:\Users\AV-Alumno\Downloads\Pizzeria\Pizzeria\pago-service)
2026-05-25 13:58:27 [main] DEBUG c.p.p.PagoServiceApplication - Running with Spring Boot v4.0.6, Spring v7.0.7
2026-05-25 13:58:27 [main] INFO  c.p.p.PagoServiceApplication - No active profile set, falling back to 1 default profile: "default"
2026-05-25 13:58:28 [main] INFO  o.s.d.r.c.RepositoryConfigurationDelegate - Bootstrapping Spring Data JPA repositories in DEFAULT mode.
2026-05-25 13:58:28 [main] INFO  o.s.d.r.c.RepositoryConfigurationDelegate - Finished Spring Data repository scanning in 148 ms. Found 1 JPA repository interface.
2026-05-25 13:58:28 [main] INFO  o.s.boot.tomcat.TomcatWebServer - Tomcat initialized with port 9098 (http)
2026-05-25 13:58:28 [main] INFO  o.a.catalina.core.StandardService - Starting service [Tomcat]
2026-05-25 13:58:28 [main] INFO  o.a.catalina.core.StandardEngine - Starting Servlet engine: [Apache Tomcat/11.0.21]
2026-05-25 13:58:28 [main] INFO  o.s.b.w.c.s.WebApplicationContextInitializer - Root WebApplicationContext: initialization completed in 1258 ms
2026-05-25 13:58:29 [main] INFO  org.hibernate.orm.jpa - HHH008540: Processing PersistenceUnitInfo [name: default]
2026-05-25 13:58:29 [main] INFO  org.hibernate.orm.core - HHH000001: Hibernate ORM core version 7.2.12.Final
2026-05-25 13:58:29 [main] INFO  o.s.o.j.p.SpringPersistenceUnitInfo - No LoadTimeWeaver setup: ignoring JPA class transformer
2026-05-25 13:58:29 [main] INFO  com.zaxxer.hikari.HikariDataSource - HikariPool-1 - Starting...
2026-05-25 13:58:30 [main] INFO  com.zaxxer.hikari.pool.HikariPool - HikariPool-1 - Added connection com.mysql.cj.jdbc.ConnectionImpl@54496c2d
2026-05-25 13:58:30 [main] INFO  com.zaxxer.hikari.HikariDataSource - HikariPool-1 - Start completed.
2026-05-25 13:58:30 [main] WARN  org.hibernate.orm.core - HHH000511: The 5.5.5 version for [org.hibernate.dialect.MySQLDialect] is no longer supported, hence certain features may not work properly.The minimum supported version is 8.0.0. Check the community dialects project for available legacy versions.
2026-05-25 13:58:30 [main] INFO  o.hibernate.orm.connections.pooling - HHH10001005: Database info:
	Database JDBC URL [jdbc:mysql://localhost:3306/bd_pago?createDatabaseIfNotExist=true]
	Database driver: MySQL Connector/J
	Database dialect: MySQLDialect
	Database version: 5.5.5
	Default catalog/schema: bd_pago/undefined
	Autocommit mode: undefined/unknown
	Isolation level: REPEATABLE_READ [default REPEATABLE_READ]
	JDBC fetch size: none
	Pool: DataSourceConnectionProvider
	Minimum pool size: undefined/unknown
	Maximum pool size: undefined/unknown
2026-05-25 13:58:31 [main] INFO  org.hibernate.orm.core - HHH000489: No JTA platform available (set 'hibernate.transaction.jta.platform' to enable JTA platform integration)
2026-05-25 13:58:31 [main] INFO  o.s.o.j.LocalContainerEntityManagerFactoryBean - Initialized JPA EntityManagerFactory for persistence unit 'default'
2026-05-25 13:58:31 [main] INFO  o.s.d.j.r.q.QueryEnhancerFactories - Hibernate is in classpath; If applicable, HQL parser will be used.
2026-05-25 13:58:33 [main] INFO  liquibase.changelog - Creating database changelog table with name: bd_pago.databasechangelog
2026-05-25 13:58:33 [main] INFO  liquibase.changelog - Reading from bd_pago.databasechangelog
2026-05-25 13:58:33 [main] INFO  liquibase.snapshot - Creating snapshot
2026-05-25 13:58:33 [main] INFO  liquibase.ui - Name 'PK_DATABASECHANGELOGLOCK' ignored for PRIMARY key.
2026-05-25 13:58:34 [main] INFO  liquibase.lockservice - Successfully acquired change log lock
2026-05-25 13:58:34 [main] INFO  liquibase.command - Using deploymentId: 9731912396
2026-05-25 13:58:34 [main] INFO  liquibase.changelog - Reading from bd_pago.databasechangelog
2026-05-25 13:58:34 [main] INFO  liquibase.ui - Running Changeset: db/changelog/db.changelog.sql::001::pizzeria
2026-05-25 13:58:34 [main] INFO  liquibase.ui - Name 'pk_pago' ignored for PRIMARY key.
2026-05-25 13:58:34 [main] INFO  liquibase.changelog - Custom SQL executed
2026-05-25 13:58:34 [main] INFO  liquibase.changelog - ChangeSet db/changelog/db.changelog.sql::001::pizzeria ran successfully in 30ms
2026-05-25 13:58:34 [main] INFO  liquibase.ui - Running Changeset: db/changelog/db.changelog.sql::002::pizzeria
2026-05-25 13:58:34 [main] INFO  liquibase.changelog - Custom SQL executed
2026-05-25 13:58:34 [main] INFO  liquibase.changelog - ChangeSet db/changelog/db.changelog.sql::002::pizzeria ran successfully in 11ms
2026-05-25 13:58:34 [main] INFO  liquibase.util - UPDATE SUMMARY
2026-05-25 13:58:34 [main] INFO  liquibase.util - Run:                          2
2026-05-25 13:58:34 [main] INFO  liquibase.util - Previously run:               0
2026-05-25 13:58:34 [main] INFO  liquibase.util - Filtered out:                 0
2026-05-25 13:58:34 [main] INFO  liquibase.util - -------------------------------
2026-05-25 13:58:34 [main] INFO  liquibase.util - Total change sets:            2
2026-05-25 13:58:34 [main] INFO  liquibase.util - Update summary generated
2026-05-25 13:58:34 [main] INFO  liquibase.command - Update command completed successfully.
2026-05-25 13:58:34 [main] INFO  liquibase.ui - Liquibase: Update has been successful. Rows affected: 10
2026-05-25 13:58:34 [main] INFO  liquibase.lockservice - Successfully released change log lock
2026-05-25 13:58:34 [main] INFO  liquibase.command - Command execution complete
2026-05-25 13:58:34 [main] WARN  o.s.b.j.a.JpaBaseConfiguration$JpaWebConfiguration - spring.jpa.open-in-view is enabled by default. Therefore, database queries may be performed during view rendering. Explicitly configure spring.jpa.open-in-view to disable this warning
2026-05-25 13:58:34 [main] INFO  o.s.boot.tomcat.TomcatWebServer - Tomcat started on port 9098 (http) with context path '/'
2026-05-25 13:58:34 [main] INFO  c.p.p.PagoServiceApplication - Started PagoServiceApplication in 7.455 seconds (process running for 7.918)
2026-05-25 15:24:06 [main] INFO  c.p.p.PagoServiceApplication - Starting PagoServiceApplication using Java 24.0.2 with PID 25444 (C:\Users\AV-Alumno\Downloads\Pizzeria\Pizzeria\pago-service\target\classes started by AV-Alumno in C:\Users\AV-Alumno\Downloads\Pizzeria\Pizzeria\pago-service)
2026-05-25 15:24:06 [main] DEBUG c.p.p.PagoServiceApplication - Running with Spring Boot v4.0.6, Spring v7.0.7
2026-05-25 15:24:06 [main] INFO  c.p.p.PagoServiceApplication - No active profile set, falling back to 1 default profile: "default"
2026-05-25 15:24:07 [main] INFO  o.s.d.r.c.RepositoryConfigurationDelegate - Bootstrapping Spring Data JPA repositories in DEFAULT mode.
2026-05-25 15:24:07 [main] INFO  o.s.d.r.c.RepositoryConfigurationDelegate - Finished Spring Data repository scanning in 178 ms. Found 1 JPA repository interface.
2026-05-25 15:24:08 [main] INFO  o.s.boot.tomcat.TomcatWebServer - Tomcat initialized with port 9098 (http)
2026-05-25 15:24:08 [main] INFO  o.a.catalina.core.StandardService - Starting service [Tomcat]
2026-05-25 15:24:08 [main] INFO  o.a.catalina.core.StandardEngine - Starting Servlet engine: [Apache Tomcat/11.0.21]
2026-05-25 15:24:08 [main] INFO  o.s.b.w.c.s.WebApplicationContextInitializer - Root WebApplicationContext: initialization completed in 1483 ms
2026-05-25 15:24:08 [main] INFO  org.hibernate.orm.jpa - HHH008540: Processing PersistenceUnitInfo [name: default]
2026-05-25 15:24:08 [main] INFO  org.hibernate.orm.core - HHH000001: Hibernate ORM core version 7.2.12.Final
2026-05-25 15:24:09 [main] INFO  o.s.o.j.p.SpringPersistenceUnitInfo - No LoadTimeWeaver setup: ignoring JPA class transformer
2026-05-25 15:24:09 [main] INFO  com.zaxxer.hikari.HikariDataSource - HikariPool-1 - Starting...
2026-05-25 15:24:10 [main] INFO  com.zaxxer.hikari.pool.HikariPool - HikariPool-1 - Added connection com.mysql.cj.jdbc.ConnectionImpl@6e668322
2026-05-25 15:24:10 [main] INFO  com.zaxxer.hikari.HikariDataSource - HikariPool-1 - Start completed.
2026-05-25 15:24:10 [main] WARN  org.hibernate.orm.core - HHH000511: The 5.5.5 version for [org.hibernate.dialect.MySQLDialect] is no longer supported, hence certain features may not work properly.The minimum supported version is 8.0.0. Check the community dialects project for available legacy versions.
2026-05-25 15:24:10 [main] INFO  o.hibernate.orm.connections.pooling - HHH10001005: Database info:
	Database JDBC URL [jdbc:mysql://localhost:3306/bd_pago?createDatabaseIfNotExist=true]
	Database driver: MySQL Connector/J
	Database dialect: MySQLDialect
	Database version: 5.5.5
	Default catalog/schema: bd_pago/undefined
	Autocommit mode: undefined/unknown
	Isolation level: REPEATABLE_READ [default REPEATABLE_READ]
	JDBC fetch size: none
	Pool: DataSourceConnectionProvider
	Minimum pool size: undefined/unknown
	Maximum pool size: undefined/unknown
2026-05-25 15:24:11 [main] INFO  org.hibernate.orm.core - HHH000489: No JTA platform available (set 'hibernate.transaction.jta.platform' to enable JTA platform integration)
2026-05-25 15:24:11 [main] INFO  o.s.o.j.LocalContainerEntityManagerFactoryBean - Initialized JPA EntityManagerFactory for persistence unit 'default'
2026-05-25 15:24:11 [main] INFO  o.s.d.j.r.q.QueryEnhancerFactories - Hibernate is in classpath; If applicable, HQL parser will be used.
2026-05-25 15:24:14 [main] INFO  liquibase.changelog - Creating database changelog table with name: bd_pago.databasechangelog
2026-05-25 15:24:14 [main] INFO  liquibase.changelog - Reading from bd_pago.databasechangelog
2026-05-25 15:24:14 [main] INFO  liquibase.snapshot - Creating snapshot
2026-05-25 15:24:14 [main] INFO  liquibase.ui - Name 'PK_DATABASECHANGELOGLOCK' ignored for PRIMARY key.
2026-05-25 15:24:14 [main] INFO  liquibase.lockservice - Successfully acquired change log lock
2026-05-25 15:24:14 [main] INFO  liquibase.command - Using deploymentId: 9737052428
2026-05-25 15:24:14 [main] INFO  liquibase.changelog - Reading from bd_pago.databasechangelog
2026-05-25 15:24:14 [main] INFO  liquibase.ui - Running Changeset: db/changelog/db.changelog.sql::001::pizzeria
2026-05-25 15:24:14 [main] INFO  liquibase.ui - Name 'pk_pago' ignored for PRIMARY key.
2026-05-25 15:24:14 [main] INFO  liquibase.changelog - Custom SQL executed
2026-05-25 15:24:14 [main] INFO  liquibase.changelog - ChangeSet db/changelog/db.changelog.sql::001::pizzeria ran successfully in 30ms
2026-05-25 15:24:14 [main] INFO  liquibase.ui - Running Changeset: db/changelog/db.changelog.sql::002::pizzeria
2026-05-25 15:24:14 [main] INFO  liquibase.changelog - Custom SQL executed
2026-05-25 15:24:14 [main] INFO  liquibase.changelog - ChangeSet db/changelog/db.changelog.sql::002::pizzeria ran successfully in 10ms
2026-05-25 15:24:14 [main] INFO  liquibase.util - UPDATE SUMMARY
2026-05-25 15:24:14 [main] INFO  liquibase.util - Run:                          2
2026-05-25 15:24:14 [main] INFO  liquibase.util - Previously run:               0
2026-05-25 15:24:14 [main] INFO  liquibase.util - Filtered out:                 0
2026-05-25 15:24:14 [main] INFO  liquibase.util - -------------------------------
2026-05-25 15:24:14 [main] INFO  liquibase.util - Total change sets:            2
2026-05-25 15:24:14 [main] INFO  liquibase.util - Update summary generated
2026-05-25 15:24:14 [main] INFO  liquibase.command - Update command completed successfully.
2026-05-25 15:24:14 [main] INFO  liquibase.ui - Liquibase: Update has been successful. Rows affected: 10
2026-05-25 15:24:14 [main] INFO  liquibase.lockservice - Successfully released change log lock
2026-05-25 15:24:14 [main] INFO  liquibase.command - Command execution complete
2026-05-25 15:24:14 [main] WARN  o.s.b.j.a.JpaBaseConfiguration$JpaWebConfiguration - spring.jpa.open-in-view is enabled by default. Therefore, database queries may be performed during view rendering. Explicitly configure spring.jpa.open-in-view to disable this warning
2026-05-25 15:24:14 [main] INFO  o.s.boot.tomcat.TomcatWebServer - Tomcat started on port 9098 (http) with context path '/'
2026-05-25 15:24:14 [main] INFO  c.p.p.PagoServiceApplication - Started PagoServiceApplication in 8.639 seconds (process running for 9.288)
2026-05-25 15:58:14 [http-nio-9098-exec-1] INFO  o.a.c.c.C.[Tomcat].[localhost].[/] - Initializing Spring DispatcherServlet 'dispatcherServlet'
2026-05-25 15:58:14 [http-nio-9098-exec-1] INFO  o.s.web.servlet.DispatcherServlet - Initializing Servlet 'dispatcherServlet'
2026-05-25 15:58:14 [http-nio-9098-exec-1] INFO  o.s.web.servlet.DispatcherServlet - Completed initialization in 3 ms
2026-05-25 15:58:14 [http-nio-9098-exec-1] INFO  c.p.p.controller.PagoController - GET /pagos - Solicitando todos los pagos
2026-05-25 15:58:14 [http-nio-9098-exec-1] INFO  c.p.pago_service.service.PagoService - Obteniendo todos los pagos
2026-05-25 15:58:14 [http-nio-9098-exec-1] DEBUG c.p.pago_service.service.PagoService - Total pagos encontrados: 10
2026-05-25 15:58:27 [http-nio-9098-exec-6] INFO  c.p.p.controller.PagoController - GET /pagos/1 - Solicitando pago por ID
2026-05-25 15:58:27 [http-nio-9098-exec-6] INFO  c.p.pago_service.service.PagoService - Buscando pago con ID: 1
2026-05-25 15:58:36 [http-nio-9098-exec-3] INFO  c.p.p.controller.PagoController - GET /pagos/metodo/Credito - Solicitando pagos por metodo
2026-05-25 15:58:36 [http-nio-9098-exec-3] INFO  c.p.pago_service.service.PagoService - Buscando pagos con metodo: Credito
2026-05-25 15:58:36 [http-nio-9098-exec-3] DEBUG c.p.pago_service.service.PagoService - Pagos encontrados con metodo Credito: 3
2026-05-25 15:58:47 [http-nio-9098-exec-5] INFO  c.p.p.controller.PagoController - GET /pagos/total - Solicitando total recaudado
2026-05-25 15:58:47 [http-nio-9098-exec-5] INFO  c.p.pago_service.service.PagoService - Calculando total recaudado
2026-05-25 15:58:47 [http-nio-9098-exec-5] DEBUG c.p.pago_service.service.PagoService - Total recaudado: 120850.00
2026-05-25 16:01:50 [http-nio-9098-exec-7] INFO  c.p.p.controller.PagoController - POST /pagos - Creando pago para orden ID: 4
2026-05-25 16:01:50 [http-nio-9098-exec-7] INFO  c.p.pago_service.service.PagoService - Creando pago para pedido ID: 4
2026-05-25 16:01:50 [http-nio-9098-exec-7] DEBUG c.p.pago_service.service.PagoService - Pedido ID: 4 validado correctamente
2026-05-25 16:01:50 [http-nio-9098-exec-7] WARN  c.p.pago_service.service.PagoService - Pago duplicado para pedido ID: 4
2026-05-25 16:01:50 [http-nio-9098-exec-7] WARN  c.p.p.e.GlobalExceptionHandler - Error de validación: Ya existe un pago para el pedido ID: 4
2026-05-25 16:02:04 [http-nio-9098-exec-10] INFO  c.p.p.controller.PagoController - POST /pagos - Creando pago para orden ID: 5
2026-05-25 16:02:04 [http-nio-9098-exec-10] INFO  c.p.pago_service.service.PagoService - Creando pago para pedido ID: 5
2026-05-25 16:02:04 [http-nio-9098-exec-10] DEBUG c.p.pago_service.service.PagoService - Pedido ID: 5 validado correctamente
2026-05-25 16:02:04 [http-nio-9098-exec-10] WARN  c.p.pago_service.service.PagoService - Pago duplicado para pedido ID: 5
2026-05-25 16:02:04 [http-nio-9098-exec-10] WARN  c.p.p.e.GlobalExceptionHandler - Error de validación: Ya existe un pago para el pedido ID: 5
2026-05-25 16:02:10 [http-nio-9098-exec-1] INFO  c.p.p.controller.PagoController - GET /pagos - Solicitando todos los pagos
2026-05-25 16:02:10 [http-nio-9098-exec-1] INFO  c.p.pago_service.service.PagoService - Obteniendo todos los pagos
2026-05-25 16:02:10 [http-nio-9098-exec-1] DEBUG c.p.pago_service.service.PagoService - Total pagos encontrados: 10
2026-05-25 16:02:16 [http-nio-9098-exec-6] INFO  c.p.p.controller.PagoController - GET /pagos - Solicitando todos los pagos
2026-05-25 16:02:16 [http-nio-9098-exec-6] INFO  c.p.pago_service.service.PagoService - Obteniendo todos los pagos
2026-05-25 16:02:16 [http-nio-9098-exec-6] DEBUG c.p.pago_service.service.PagoService - Total pagos encontrados: 10
2026-05-25 16:02:27 [http-nio-9098-exec-3] INFO  c.p.p.controller.PagoController - POST /pagos - Creando pago para orden ID: 11
2026-05-25 16:02:27 [http-nio-9098-exec-3] INFO  c.p.pago_service.service.PagoService - Creando pago para pedido ID: 11
2026-05-25 16:02:27 [http-nio-9098-exec-3] DEBUG c.p.pago_service.service.PagoService - Pedido ID: 11 validado correctamente
2026-05-25 16:02:27 [http-nio-9098-exec-3] INFO  c.p.pago_service.service.PagoService - Pago creado exitosamente con ID: 11
2026-05-25 16:02:30 [http-nio-9098-exec-5] INFO  c.p.p.controller.PagoController - GET /pagos - Solicitando todos los pagos
2026-05-25 16:02:30 [http-nio-9098-exec-5] INFO  c.p.pago_service.service.PagoService - Obteniendo todos los pagos
2026-05-25 16:02:30 [http-nio-9098-exec-5] DEBUG c.p.pago_service.service.PagoService - Total pagos encontrados: 11
2026-05-25 16:03:25 [http-nio-9098-exec-4] INFO  c.p.p.controller.PagoController - PUT /pagos/3 - Actualizando pago
2026-05-25 16:03:25 [http-nio-9098-exec-4] INFO  c.p.pago_service.service.PagoService - Actualizando pago con ID: 3
2026-05-25 16:03:25 [http-nio-9098-exec-4] DEBUG c.p.pago_service.service.PagoService - Pago ID: 3 marcado como completado en: 2026-05-25T16:03:25.193412800
2026-05-25 16:03:25 [http-nio-9098-exec-4] INFO  c.p.pago_service.service.PagoService - Pago actualizado exitosamente con ID: 3
2026-05-25 16:03:38 [http-nio-9098-exec-8] INFO  c.p.p.controller.PagoController - DELETE /pagos/1 - Eliminando pago
2026-05-25 16:03:38 [http-nio-9098-exec-8] INFO  c.p.pago_service.service.PagoService - Eliminando pago con ID: 1
2026-05-25 16:03:38 [http-nio-9098-exec-8] INFO  c.p.pago_service.service.PagoService - Pago eliminado exitosamente con ID: 1
2026-05-25 16:03:46 [http-nio-9098-exec-7] INFO  c.p.p.controller.PagoController - GET /pagos - Solicitando todos los pagos
2026-05-25 16:03:46 [http-nio-9098-exec-7] INFO  c.p.pago_service.service.PagoService - Obteniendo todos los pagos
2026-05-25 16:03:46 [http-nio-9098-exec-7] DEBUG c.p.pago_service.service.PagoService - Total pagos encontrados: 10
